Search2nd.crawlOne 2 gdsc_cd=300026735&ecp_gdlc=100000104&ecp_gdmc=200002686
Search2nd.crawlOne 3 gdsc_cd=300026735&ecp_gdlc=100000104&ecp_gdmc=200002686
Search2nd.crawlOne 4 gdsc_cd=300026735&ecp_gdlc=100000104&ecp_gdmc=200002686
Search2nd.crawlOne 5 gdsc_cd=300026735&ecp_gdlc=100000104&ecp_gdmc=200002686
Search2nd.crawlOne 6 gdsc_cd=300026735&ecp_gdlc=100000104&ecp_gdmc=200002686
Search2nd.crawlOne 7 gdsc_cd=300026735&ecp_gdlc=100000104&ecp_gdmc=200002686
Search2nd.crawlOne 8 gdsc_cd=300026735&ecp_gdlc=100000104&ecp_gdmc=200002686
Search2nd.crawlOne 9 gdsc_cd=300026735&ecp_gdlc=100000104&ecp_gdmc=200002686
Search2nd.crawlOne 10 gdsc_cd=300026735&ecp_gdlc=100000104&ecp_gdmc=200002686
Search2nd.crawlOne 11 gdsc_cd=300026735&ecp_gdlc=100000104&ecp_gdmc=200002686
Search2nd.crawlOne 12 gdsc_cd=300026735&ecp_gdlc=100000104&ecp_gdmc=200002686
Search2nd.crawlOne 13 gdsc_cd=300026735&ecp_gdlc=100000104&ecp_gdmc=200002686
Search2nd.crawlOne 14 gdsc_cd=300026735&ecp_gdlc=100000104&ecp_gdmc=200002686
Search2nd.crawlOne 15 gdsc_cd=300026735&ecp_gdlc=100000104&ecp_gdmc=200002686
Search2nd.crawlOne 16 gdsc_cd=300026735&ecp_gdlc=100000104&ecp_gdmc=200002686
Search2nd.crawlOne 17 gdsc_cd=300026735&ecp_gdlc=100000104&ecp_gdmc=200002686
Search2nd.crawlOne 18 gdsc_cd=300026735&ecp_gdlc=100000104&ecp_gdmc=200002686
Search2nd.crawlOne 19 gdsc_cd=300026735&ecp_gdlc=100000104&ecp_gdmc=200002686
Search2nd.crawlOne 20 gdsc_cd=300026735&ecp_gdlc=100000104&ecp_gdmc=200002686
Search2nd.crawlOne 21 gdsc_cd=300026735&ecp_gdlc=100000104&ecp_gdmc=200002686
Search2nd.crawlOne 22 gdsc_cd=300026735&ecp_gdlc=100000104&ecp_gdmc=200002686
Search2nd.crawlOne 23 gdsc_cd=300026735&ecp_gdlc=100000104&ecp_gdmc=200002686
Search2nd.crawlOne 24 gdsc_cd=300026735&ecp_gdlc=100000104&ecp_gdmc=200002686
Search2nd.crawlOne 25 gdsc_cd=300026735&ecp_gdlc=100000104&ecp_gdmc=200002686
Search2nd.crawlOne 26 gdsc_cd=300026735&ecp_gdlc=100000104&ecp_gdmc=200002686
Search2nd.crawlOne 27 gdsc_cd=300026735&ecp_gdlc=100000104&ecp_gdmc=200002686
Search2nd.crawlOne 28 gdsc_cd=300026735&ecp_gdlc=100000104&ecp_gdmc=200002686
Search2nd.crawlOne 29 gdsc_cd=300026735&ecp_gdlc=100000104&ecp_gdmc=200002686
Search2nd.crawlOne 30 gdsc_cd=300026735&ecp_gdlc=100000104&ecp_gdmc=200002686
Search2nd.crawlOne 31 gdsc_cd=300026735&ecp_gdlc=100000104&ecp_gdmc=200002686
Search2nd.crawlOne 32 gdsc_cd=300026735&ecp_gdlc=100000104&ecp_gdmc=200002686
Search2nd.crawlOne 33 gdsc_cd=300026735&ecp_gdlc=100000104&ecp_gdmc=200002686
Search2nd.crawlOne 34 gdsc_cd=300026735&ecp_gdlc=100000104&ecp_gdmc=200002686
Search2nd.crawlOne 35 gdsc_cd=300026735&ecp_gdlc=100000104&ecp_gdmc=200002686
Search2nd.crawlOne 36 gdsc_cd=300026735&ecp_gdlc=100000104&ecp_gdmc=200002686
Search2nd.crawlOne 37 gdsc_cd=300026735&ecp_gdlc=100000104&ecp_gdmc=200002686
Search2nd.crawlOne 38 gdsc_cd=300026735&ecp_gdlc=100000104&ecp_gdmc=200002686
Search2nd.crawlOne 39 gdsc_cd=300026735&ecp_gdlc=100000104&ecp_gdmc=200002686
Search2nd.crawlOne 40 gdsc_cd=300026735&ecp_gdlc=100000104&ecp_gdmc=200002686
Search2nd.crawlOne 41 gdsc_cd=300026735&ecp_gdlc=100000104&ecp_gdmc=200002686
Search2nd.crawlOne 42 gdsc_cd=300026735&ecp_gdlc=100000104&ecp_gdmc=200002686
Search2nd.crawlOne 43 gdsc_cd=300026735&ecp_gdlc=100000104&ecp_gdmc=200002686
Search2nd.crawlOne 44 gdsc_cd=300026735&ecp_gdlc=100000104&ecp_gdmc=200002686
Search2nd.crawlOne 45 gdsc_cd=300026735&ecp_gdlc=100000104&ecp_gdmc=200002686
Search2nd.crawlOne 46 gdsc_cd=300026735&ecp_gdlc=100000104&ecp_gdmc=200002686
Search2nd.crawlOne 47 gdsc_cd=300026735&ecp_gdlc=100000104&ecp_gdmc=200002686
Search2nd.crawlOne 48 gdsc_cd=300026735&ecp_gdlc=100000104&ecp_gdmc=200002686
Search2nd.crawlOne 49 gdsc_cd=300026735&ecp_gdlc=100000104&ecp_gdmc=200002686
Search2nd.crawlOne 50 gdsc_cd=300026735&ecp_gdlc=100000104&ecp_gdmc=200002686
Search2nd.crawlOne 51 gdsc_cd=300026735&ecp_gdlc=100000104&ecp_gdmc=200002686
Search2nd.crawlOne 52 gdsc_cd=300026735&ecp_gdlc=100000104&ecp_gdmc=200002686
Search2nd.crawlOne 53 gdsc_cd=300026735&ecp_gdlc=100000104&ecp_gdmc=200002686
Search2nd.crawlOne 54 gdsc_cd=300026735&ecp_gdlc=100000104&ecp_gdmc=200002686
Search2nd.crawlOne 55 gdsc_cd=300026735&ecp_gdlc=100000104&ecp_gdmc=200002686
Search2nd.crawlOne 56 gdsc_cd=300026735&ecp_gdlc=100000104&ecp_gdmc=200002686
Search2nd.crawlOne 57 gdsc_cd=300026735&ecp_gdlc=100000104&ecp_gdmc=200002686
Search2nd.crawlOne 58 gdsc_cd=300026735&ecp_gdlc=100000104&ecp_gdmc=200002686
Search2nd.crawlOne 59 gdsc_cd=300026735&ecp_gdlc=100000104&ecp_gdmc=200002686
Search2nd.crawlOne 60 gdsc_cd=300026735&ecp_gdlc=100000104&ecp_gdmc=200002686
Search2nd.crawlOne 61 gdsc_cd=300026735&ecp_gdlc=100000104&ecp_gdmc=200002686
Search2nd.crawlOne 62 gdsc_cd=300026735&ecp_gdlc=100000104&ecp_gdmc=200002686
Search2nd.crawlOne 63 gdsc_cd=300026735&ecp_gdlc=100000104&ecp_gdmc=200002686
Search2nd.crawlOne 64 gdsc_cd=300026735&ecp_gdlc=100000104&ecp_gdmc=200002686
Search2nd.crawlOne 65 gdsc_cd=300026735&ecp_gdlc=100000104&ecp_gdmc=200002686
Search2nd.crawlOne 66 gdsc_cd=300026735&ecp_gdlc=100000104&ecp_gdmc=200002686
Search2nd.crawlOne 67 gdsc_cd=300026735&ecp_gdlc=100000104&ecp_gdmc=200002686
Search2nd.crawlOne 68 gdsc_cd=300026735&ecp_gdlc=100000104&ecp_gdmc=200002686
Search2nd.crawlOne 69 gdsc_cd=300026735&ecp_gdlc=100000104&ecp_gdmc=200002686
Search2nd.crawlOne 70 gdsc_cd=300026735&ecp_gdlc=100000104&ecp_gdmc=200002686
Search2nd.crawlOne 71 gdsc_cd=300026735&ecp_gdlc=100000104&ecp_gdmc=200002686
Search2nd.crawlOne 72 gdsc_cd=300026735&ecp_gdlc=100000104&ecp_gdmc=200002686
Search2nd.crawlOne 73 gdsc_cd=300026735&ecp_gdlc=100000104&ecp_gdmc=200002686
Search2nd.crawlOne 74 gdsc_cd=300026735&ecp_gdlc=100000104&ecp_gdmc=200002686
Search2nd.crawlOne 75 gdsc_cd=300026735&ecp_gdlc=100000104&ecp_gdmc=200002686
Search2nd.crawlOne 76 gdsc_cd=300026735&ecp_gdlc=100000104&ecp_gdmc=200002686
Search2nd.crawlOne 77 gdsc_cd=300026735&ecp_gdlc=100000104&ecp_gdmc=200002686
Search2nd.crawlOne 78 gdsc_cd=300026735&ecp_gdlc=100000104&ecp_gdmc=200002686
Search2nd.crawlOne 79 gdsc_cd=300026735&ecp_gdlc=100000104&ecp_gdmc=200002686
Search2nd.crawlOne 80 gdsc_cd=300026735&ecp_gdlc=100000104&ecp_gdmc=200002686
Search2nd.crawlOne 81 gdsc_cd=300026735&ecp_gdlc=100000104&ecp_gdmc=200002686
Search2nd.crawlOne 82 gdsc_cd=300026735&ecp_gdlc=100000104&ecp_gdmc=200002686
Search2nd.crawlOne 83 gdsc_cd=300026735&ecp_gdlc=100000104&ecp_gdmc=200002686
Search2nd.crawlOne 84 gdsc_cd=300026735&ecp_gdlc=100000104&ecp_gdmc=200002686
Search2nd.crawlOne 85 gdsc_cd=300026735&ecp_gdlc=100000104&ecp_gdmc=200002686
Search2nd.crawlOne 86 gdsc_cd=300026735&ecp_gdlc=100000104&ecp_gdmc=200002686
Search2nd.crawlOne 87 gdsc_cd=300026735&ecp_gdlc=100000104&ecp_gdmc=200002686
Search2nd.crawlOne 88 gdsc_cd=300026735&ecp_gdlc=100000104&ecp_gdmc=200002686
Search2nd.crawlOne 89 gdsc_cd=300026735&ecp_gdlc=100000104&ecp_gdmc=200002686
Search2nd.crawlOne 90 gdsc_cd=300026735&ecp_gdlc=100000104&ecp_gdmc=200002686
Search2nd.crawlOne 91 gdsc_cd=300026735&ecp_gdlc=100000104&ecp_gdmc=200002686
Search2nd.crawlOne 92 gdsc_cd=300026735&ecp_gdlc=100000104&ecp_gdmc=200002686
Search2nd.crawlOne 93 gdsc_cd=300026735&ecp_gdlc=100000104&ecp_gdmc=200002686
Search2nd.crawlOne 94 gdsc_cd=300026735&ecp_gdlc=100000104&ecp_gdmc=200002686
Search2nd.crawlOne 95 gdsc_cd=300026735&ecp_gdlc=100000104&ecp_gdmc=200002686
Search2nd.crawlOne 96 gdsc_cd=300026735&ecp_gdlc=100000104&ecp_gdmc=200002686
Search2nd.crawlOne 97 gdsc_cd=300026735&ecp_gdlc=100000104&ecp_gdmc=200002686
Search2nd.crawlOne 98 gdsc_cd=300026735&ecp_gdlc=100000104&ecp_gdmc=200002686
Search2nd.crawlOne 99 gdsc_cd=300026735&ecp_gdlc=100000104&ecp_gdmc=200002686
Search2nd.crawlOne 100 gdsc_cd=300026735&ecp_gdlc=100000104&ecp_gdmc=200002686
Search2nd.crawlOne 101 gdsc_cd=300026735&ecp_gdlc=100000104&ecp_gdmc=200002686
Search2nd.crawlOne 102 gdsc_cd=300026735&ecp_gdlc=100000104&ecp_gdmc=200002686
Search2nd.crawlOne 103 gdsc_cd=300026735&ecp_gdlc=100000104&ecp_gdmc=200002686
Search2nd.crawlOne 104 gdsc_cd=300026735&ecp_gdlc=100000104&ecp_gdmc=200002686
Search2nd.crawlOne 105 gdsc_cd=300026735&ecp_gdlc=100000104&ecp_gdmc=200002686
Search2nd.crawlOne 106 gdsc_cd=300026735&ecp_gdlc=100000104&ecp_gdmc=200002686
Search2nd.crawlOne 107 gdsc_cd=300026735&ecp_gdlc=100000104&ecp_gdmc=200002686
Search2nd.crawlOne 108 gdsc_cd=300026735&ecp_gdlc=100000104&ecp_gdmc=200002686
Search2nd.crawlOne 109 gdsc_cd=300026735&ecp_gdlc=100000104&ecp_gdmc=200002686
Search2nd.crawlOne 110 gdsc_cd=300026735&ecp_gdlc=100000104&ecp_gdmc=200002686
Search2nd.crawlOne 111 gdsc_cd=300026735&ecp_gdlc=100000104&ecp_gdmc=200002686
Search2nd.crawlOne 112 gdsc_cd=300026735&ecp_gdlc=100000104&ecp_gdmc=200002686
Search2nd.crawlOne 113 gdsc_cd=300026735&ecp_gdlc=100000104&ecp_gdmc=200002686
Search2nd.crawlOne 114 gdsc_cd=300026735&ecp_gdlc=100000104&ecp_gdmc=200002686
Search2nd.crawlOne 115 gdsc_cd=300026735&ecp_gdlc=100000104&ecp_gdmc=200002686
Search2nd.crawlOne 116 gdsc_cd=300026735&ecp_gdlc=100000104&ecp_gdmc=200002686
Search2nd.crawlOne 117 gdsc_cd=300026735&ecp_gdlc=100000104&ecp_gdmc=200002686
Search2nd.crawlOne 118 gdsc_cd=300026735&ecp_gdlc=100000104&ecp_gdmc=200002686
Search2nd.crawlOne 119 gdsc_cd=300026735&ecp_gdlc=100000104&ecp_gdmc=200002686
Search2nd.crawlOne 120 gdsc_cd=300026735&ecp_gdlc=100000104&ecp_gdmc=200002686
Search2nd.crawlOne 121 gdsc_cd=300026735&ecp_gdlc=100000104&ecp_gdmc=200002686
Search2nd.crawlOne 122 gdsc_cd=300026735&ecp_gdlc=100000104&ecp_gdmc=200002686
Search2nd.crawlOne 123 gdsc_cd=300026735&ecp_gdlc=100000104&ecp_gdmc=200002686
Search2nd.crawlOne 124 gdsc_cd=300026735&ecp_gdlc=100000104&ecp_gdmc=200002686
Search2nd.crawlOne 125 gdsc_cd=300026735&ecp_gdlc=100000104&ecp_gdmc=200002686
Search2nd.crawlOne 126 gdsc_cd=300026735&ecp_gdlc=100000104&ecp_gdmc=200002686
Search2nd.crawlOne 127 gdsc_cd=300026735&ecp_gdlc=100000104&ecp_gdmc=200002686
Search2nd.crawlOne 128 gdsc_cd=300026735&ecp_gdlc=100000104&ecp_gdmc=200002686
Search2nd.crawlOne 129 gdsc_cd=300026735&ecp_gdlc=100000104&ecp_gdmc=200002686
Search2nd.crawlOne 130 gdsc_cd=300026735&ecp_gdlc=100000104&ecp_gdmc=200002686
Search2nd.crawlOne 131 gdsc_cd=300026735&ecp_gdlc=100000104&ecp_gdmc=200002686
Search2nd.crawlOne 132 gdsc_cd=300026735&ecp_gdlc=100000104&ecp_gdmc=200002686
Search2nd.crawlOne 133 gdsc_cd=300026735&ecp_gdlc=100000104&ecp_gdmc=200002686
Search2nd.crawlOne 134 gdsc_cd=300026735&ecp_gdlc=100000104&ecp_gdmc=200002686
Search2nd.crawlOne 135 gdsc_cd=300026735&ecp_gdlc=100000104&ecp_gdmc=200002686
Search2nd.crawlOne 136 gdsc_cd=300026735&ecp_gdlc=100000104&ecp_gdmc=200002686
Search2nd.crawlOne 137 gdsc_cd=300026735&ecp_gdlc=100000104&ecp_gdmc=200002686
Search2nd.crawlOne 138 gdsc_cd=300026735&ecp_gdlc=100000104&ecp_gdmc=200002686
Search2nd.crawlOne 139 gdsc_cd=300026735&ecp_gdlc=100000104&ecp_gdmc=200002686
Search2nd.crawlOne 140 gdsc_cd=300026735&ecp_gdlc=100000104&ecp_gdmc=200002686
Search2nd.crawlOne 141 gdsc_cd=300026735&ecp_gdlc=100000104&ecp_gdmc=200002686
Search2nd.crawlOne 142 gdsc_cd=300026735&ecp_gdlc=100000104&ecp_gdmc=200002686
Search2nd.crawlOne 143 gdsc_cd=300026735&ecp_gdlc=100000104&ecp_gdmc=200002686
Search2nd.crawlOne 144 gdsc_cd=300026735&ecp_gdlc=100000104&ecp_gdmc=200002686
Search2nd.crawlOne 145 gdsc_cd=300026735&ecp_gdlc=100000104&ecp_gdmc=200002686
Search2nd.crawlOne 146 gdsc_cd=300026735&ecp_gdlc=100000104&ecp_gdmc=200002686
Search2nd.crawlOne 147 gdsc_cd=300026735&ecp_gdlc=100000104&ecp_gdmc=200002686
Search2nd.crawlOne 148 gdsc_cd=300026735&ecp_gdlc=100000104&ecp_gdmc=200002686
Search2nd.crawlOne 149 gdsc_cd=300026735&ecp_gdlc=100000104&ecp_gdmc=200002686
Search2nd.crawlOne 150 gdsc_cd=300026735&ecp_gdlc=100000104&ecp_gdmc=200002686
Search2nd.crawlOne 151 gdsc_cd=300026735&ecp_gdlc=100000104&ecp_gdmc=200002686
Search2nd.crawlOne 152 gdsc_cd=300026735&ecp_gdlc=100000104&ecp_gdmc=200002686
Search2nd.crawlOne 153 gdsc_cd=300026735&ecp_gdlc=100000104&ecp_gdmc=200002686
Search2nd.crawlOne 154 gdsc_cd=300026735&ecp_gdlc=100000104&ecp_gdmc=200002686
Search2nd.crawlOne 155 gdsc_cd=300026735&ecp_gdlc=100000104&ecp_gdmc=200002686
Search2nd.crawlOne 156 gdsc_cd=300026735&ecp_gdlc=100000104&ecp_gdmc=200002686
Search2nd.crawlOne 157 gdsc_cd=300026735&ecp_gdlc=100000104&ecp_gdmc=200002686
Search2nd.crawlOne 158 gdsc_cd=300026735&ecp_gdlc=100000104&ecp_gdmc=200002686
Search2nd.crawlOne 159 gdsc_cd=300026735&ecp_gdlc=100000104&ecp_gdmc=200002686
Search2nd.crawlOne 160 gdsc_cd=300026735&ecp_gdlc=100000104&ecp_gdmc=200002686
Search2nd.crawlOne 161 gdsc_cd=300026735&ecp_gdlc=100000104&ecp_gdmc=200002686
Search2nd.crawlOne 162 gdsc_cd=300026735&ecp_gdlc=100000104&ecp_gdmc=200002686
Search2nd.crawlOne 163 gdsc_cd=300026735&ecp_gdlc=100000104&ecp_gdmc=200002686
Search2nd.crawlOne 164 gdsc_cd=300026735&ecp_gdlc=100000104&ecp_gdmc=200002686
Search2nd.crawlOne 165 gdsc_cd=300026735&ecp_gdlc=100000104&ecp_gdmc=200002686
Search2nd.crawlOne 166 gdsc_cd=300026735&ecp_gdlc=100000104&ecp_gdmc=200002686
Search2nd.crawlOne 167 gdsc_cd=300026735&ecp_gdlc=100000104&ecp_gdmc=200002686
Search2nd.crawlOne 168 gdsc_cd=300026735&ecp_gdlc=100000104&ecp_gdmc=200002686
Search2nd.crawlOne 169 gdsc_cd=300026735&ecp_gdlc=100000104&ecp_gdmc=200002686
Search2nd.crawlOne 170 gdsc_cd=300026735&ecp_gdlc=100000104&ecp_gdmc=200002686
Search2nd.crawlOne 171 gdsc_cd=300026735&ecp_gdlc=100000104&ecp_gdmc=200002686
Search2nd.crawlOne 172 gdsc_cd=300026735&ecp_gdlc=100000104&ecp_gdmc=200002686
Search2nd.crawlOne 173 gdsc_cd=300026735&ecp_gdlc=100000104&ecp_gdmc=200002686
Search2nd.crawlOne 174 gdsc_cd=300026735&ecp_gdlc=100000104&ecp_gdmc=200002686
Search2nd.crawlOne 175 gdsc_cd=300026735&ecp_gdlc=100000104&ecp_gdmc=200002686
Search2nd.crawlOne 176 gdsc_cd=300026735&ecp_gdlc=100000104&ecp_gdmc=200002686
Search2nd.crawlOne 177 gdsc_cd=300026735&ecp_gdlc=100000104&ecp_gdmc=200002686
Search2nd.crawlOne 178 gdsc_cd=300026735&ecp_gdlc=100000104&ecp_gdmc=200002686
Search2nd.crawlOne 179 gdsc_cd=300026735&ecp_gdlc=100000104&ecp_gdmc=200002686
Search2nd.crawlOne 180 gdsc_cd=300026735&ecp_gdlc=100000104&ecp_gdmc=200002686
Search2nd.crawlOne 181 gdsc_cd=300026735&ecp_gdlc=100000104&ecp_gdmc=200002686
Search2nd.crawlOne 182 gdsc_cd=300026735&ecp_gdlc=100000104&ecp_gdmc=200002686
Search2nd.crawlOne 183 gdsc_cd=300026735&ecp_gdlc=100000104&ecp_gdmc=200002686
Search2nd.crawlOne 184 gdsc_cd=300026735&ecp_gdlc=100000104&ecp_gdmc=200002686
Search2nd.crawlOne 185 gdsc_cd=300026735&ecp_gdlc=100000104&ecp_gdmc=200002686
Search2nd.crawlOne 186 gdsc_cd=300026735&ecp_gdlc=100000104&ecp_gdmc=200002686
Search2nd.crawlOne 187 gdsc_cd=300026735&ecp_gdlc=100000104&ecp_gdmc=200002686
Search2nd.crawlOne 188 gdsc_cd=300026735&ecp_gdlc=100000104&ecp_gdmc=200002686
Search2nd.crawlOne 189 gdsc_cd=300026735&ecp_gdlc=100000104&ecp_gdmc=200002686
Search2nd.crawlOne 190 gdsc_cd=300026735&ecp_gdlc=100000104&ecp_gdmc=200002686
Search2nd.crawlOne 191 gdsc_cd=300026735&ecp_gdlc=100000104&ecp_gdmc=200002686
Search2nd.crawlOne 192 gdsc_cd=300026735&ecp_gdlc=100000104&ecp_gdmc=200002686
Search2nd.crawlOne 193 gdsc_cd=300026735&ecp_gdlc=100000104&ecp_gdmc=200002686
Search2nd.crawlOne 194 gdsc_cd=300026735&ecp_gdlc=100000104&ecp_gdmc=200002686
Search2nd.crawlOne 195 gdsc_cd=300026735&ecp_gdlc=100000104&ecp_gdmc=200002686
Search2nd.crawlOne 196 gdsc_cd=300026735&ecp_gdlc=100000104&ecp_gdmc=200002686
Search2nd.crawlOne 197 gdsc_cd=300026735&ecp_gdlc=100000104&ecp_gdmc=200002686
Search2nd.crawlOne 198 gdsc_cd=300026735&ecp_gdlc=100000104&ecp_gdmc=200002686
Search2nd.crawlOne 199 gdsc_cd=300026735&ecp_gdlc=100000104&ecp_gdmc=200002686
Search2nd.crawlOne 200 gdsc_cd=300026735&ecp_gdlc=100000104&ecp_gdmc=200002686
Search2nd.crawlOne 201 gdsc_cd=300026735&ecp_gdlc=100000104&ecp_gdmc=200002686
Search2nd.crawlOne 202 gdsc_cd=300026735&ecp_gdlc=100000104&ecp_gdmc=200002686
Search2nd.crawlOne 203 gdsc_cd=300026735&ecp_gdlc=100000104&ecp_gdmc=200002686
Search2nd.crawlOne 204 gdsc_cd=300026735&ecp_gdlc=100000104&ecp_gdmc=200002686
Search2nd.crawlOne 205 gdsc_cd=300026735&ecp_gdlc=100000104&ecp_gdmc=200002686
Search2nd.crawlOne 206 gdsc_cd=300026735&ecp_gdlc=100000104&ecp_gdmc=200002686
Search2nd.crawlOne 207 gdsc_cd=300026735&ecp_gdlc=100000104&ecp_gdmc=200002686
Search2nd.crawlOne 208 gdsc_cd=300026735&ecp_gdlc=100000104&ecp_gdmc=200002686
Search2nd.crawlOne 209 gdsc_cd=300026735&ecp_gdlc=100000104&ecp_gdmc=200002686
Search2nd.crawlOne 210 gdsc_cd=300026735&ecp_gdlc=100000104&ecp_gdmc=200002686
Search2nd.crawlOne 211 gdsc_cd=300026735&ecp_gdlc=100000104&ecp_gdmc=200002686
Search2nd.crawlOne 212 gdsc_cd=300026735&ecp_gdlc=100000104&ecp_gdmc=200002686
Search2nd.crawlOne 213 gdsc_cd=300026735&ecp_gdlc=100000104&ecp_gdmc=200002686
Search2nd.crawlOne 214 gdsc_cd=300026735&ecp_gdlc=100000104&ecp_gdmc=200002686
Search2nd.crawlOne 215 gdsc_cd=300026735&ecp_gdlc=100000104&ecp_gdmc=200002686
Search2nd.crawlOne 216 gdsc_cd=300026735&ecp_gdlc=100000104&ecp_gdmc=200002686
Search2nd.crawlOne 217 gdsc_cd=300026735&ecp_gdlc=100000104&ecp_gdmc=200002686
Search2nd.crawlOne 218 gdsc_cd=300026735&ecp_gdlc=100000104&ecp_gdmc=200002686
Search2nd.crawlOne 219 gdsc_cd=300026735&ecp_gdlc=100000104&ecp_gdmc=200002686
Search2nd.crawlOne 220 gdsc_cd=300026735&ecp_gdlc=100000104&ecp_gdmc=200002686
Search2nd.crawlOne 221 gdsc_cd=300026735&ecp_gdlc=100000104&ecp_gdmc=200002686
Search2nd.crawlOne 222 gdsc_cd=300026735&ecp_gdlc=100000104&ecp_gdmc=200002686
Search2nd.crawlOne 223 gdsc_cd=300026735&ecp_gdlc=100000104&ecp_gdmc=200002686
Search2nd.crawlOne 224 gdsc_cd=300026735&ecp_gdlc=100000104&ecp_gdmc=200002686
Search2nd.crawlOne 225 gdsc_cd=300026735&ecp_gdlc=100000104&ecp_gdmc=200002686
Search2nd.crawlOne 226 gdsc_cd=300026735&ecp_gdlc=100000104&ecp_gdmc=200002686
Search2nd.crawlOne 227 gdsc_cd=300026735&ecp_gdlc=100000104&ecp_gdmc=200002686
Search2nd.crawlOne 228 gdsc_cd=300026735&ecp_gdlc=100000104&ecp_gdmc=200002686
Search2nd.crawlOne 229 gdsc_cd=300026735&ecp_gdlc=100000104&ecp_gdmc=200002686
Search2nd.crawlOne 230 gdsc_cd=300026735&ecp_gdlc=100000104&ecp_gdmc=200002686
Search2nd.crawlOne 231 gdsc_cd=300026735&ecp_gdlc=100000104&ecp_gdmc=200002686
Search2nd.crawlOne 232 gdsc_cd=300026735&ecp_gdlc=100000104&ecp_gdmc=200002686
Search2nd.crawlOne 233 gdsc_cd=300026735&ecp_gdlc=100000104&ecp_gdmc=200002686
Search2nd.crawlOne 234 gdsc_cd=300026735&ecp_gdlc=100000104&ecp_gdmc=200002686
Search2nd.crawlOne 235 gdsc_cd=300026735&ecp_gdlc=100000104&ecp_gdmc=200002686
Search2nd.crawlOne 236 gdsc_cd=300026735&ecp_gdlc=100000104&ecp_gdmc=200002686
Search2nd.crawlOne 237 gdsc_cd=300026735&ecp_gdlc=100000104&ecp_gdmc=200002686
Search2nd.crawlOne 238 gdsc_cd=300026735&ecp_gdlc=100000104&ecp_gdmc=200002686
Search2nd.crawlOne 239 gdsc_cd=300026735&ecp_gdlc=100000104&ecp_gdmc=200002686
Search2nd.crawlOne 240 gdsc_cd=300026735&ecp_gdlc=100000104&ecp_gdmc=200002686
Search2nd.crawlOne 241 gdsc_cd=300026735&ecp_gdlc=100000104&ecp_gdmc=200002686
Search2nd.crawlOne 242 gdsc_cd=300026735&ecp_gdlc=100000104&ecp_gdmc=200002686
Search2nd.crawlOne 243 gdsc_cd=300026735&ecp_gdlc=100000104&ecp_gdmc=200002686
Search2nd.crawlOne 244 gdsc_cd=300026735&ecp_gdlc=100000104&ecp_gdmc=200002686
Search2nd.crawlOne 245 gdsc_cd=300026735&ecp_gdlc=100000104&ecp_gdmc=200002686
Search2nd.crawlOne 246 gdsc_cd=300026735&ecp_gdlc=100000104&ecp_gdmc=200002686
Search2nd.crawlOne 247 gdsc_cd=300026735&ecp_gdlc=100000104&ecp_gdmc=200002686
Search2nd.crawlOne 248 gdsc_cd=300026735&ecp_gdlc=100000104&ecp_gdmc=200002686
Search2nd.crawlOne 249 gdsc_cd=300026735&ecp_gdlc=100000104&ecp_gdmc=200002686
Search2nd.crawlOne 250 gdsc_cd=300026735&ecp_gdlc=100000104&ecp_gdmc=200002686
Search2nd.crawlOne 251 gdsc_cd=300026735&ecp_gdlc=100000104&ecp_gdmc=200002686
Search2nd.crawlOne 252 gdsc_cd=300026735&ecp_gdlc=100000104&ecp_gdmc=200002686
Search2nd.crawlOne 253 gdsc_cd=300026735&ecp_gdlc=100000104&ecp_gdmc=200002686
Search2nd.crawlOne 254 gdsc_cd=300026735&ecp_gdlc=100000104&ecp_gdmc=200002686
Search2nd.crawlOne 255 gdsc_cd=300026735&ecp_gdlc=100000104&ecp_gdmc=200002686
Search2nd.crawlOne 256 gdsc_cd=300026735&ecp_gdlc=100000104&ecp_gdmc=200002686
Search2nd.crawlOne 257 gdsc_cd=300026735&ecp_gdlc=100000104&ecp_gdmc=200002686
Search2nd.crawlOne 258 gdsc_cd=300026735&ecp_gdlc=100000104&ecp_gdmc=200002686
Search2nd.crawlOne 259 gdsc_cd=300026735&ecp_gdlc=100000104&ecp_gdmc=200002686
Search2nd.crawlOne 260 gdsc_cd=300026735&ecp_gdlc=100000104&ecp_gdmc=200002686
Search2nd.crawlOne 261 gdsc_cd=300026735&ecp_gdlc=100000104&ecp_gdmc=200002686
Search2nd.crawlOne 262 gdsc_cd=300026735&ecp_gdlc=100000104&ecp_gdmc=200002686
Search2nd.crawlOne 263 gdsc_cd=300026735&ecp_gdlc=100000104&ecp_gdmc=200002686
Search2nd.crawlOne 264 gdsc_cd=300026735&ecp_gdlc=100000104&ecp_gdmc=200002686
Search2nd.crawlOne 265 gdsc_cd=300026735&ecp_gdlc=100000104&ecp_gdmc=200002686
Search2nd.crawlOne 266 gdsc_cd=300026735&ecp_gdlc=100000104&ecp_gdmc=200002686
Search2nd.crawlOne 267 gdsc_cd=300026735&ecp_gdlc=100000104&ecp_gdmc=200002686
Search2nd.crawlOne 2 gdsc_cd=300026735&ecp_gdlc=100000104&ecp_gdmc=200002686
Search2nd.crawlOne 3 gdsc_cd=300026735&ecp_gdlc=100000104&ecp_gdmc=200002686
Search2nd.crawlOne 4 gdsc_cd=300026735&ecp_gdlc=100000104&ecp_gdmc=200002686
Search2nd.crawlOne 5 gdsc_cd=300026735&ecp_gdlc=100000104&ecp_gdmc=200002686
Search2nd.crawlOne 6 gdsc_cd=300026735&ecp_gdlc=100000104&ecp_gdmc=200002686
Search2nd.crawlOne 7 gdsc_cd=300026735&ecp_gdlc=100000104&ecp_gdmc=200002686
Search2nd.crawlOne 8 gdsc_cd=300026735&ecp_gdlc=100000104&ecp_gdmc=200002686
Search2nd.crawlOne 9 gdsc_cd=300026735&ecp_gdlc=100000104&ecp_gdmc=200002686
Search2nd.crawlOne 10 gdsc_cd=300026735&ecp_gdlc=100000104&ecp_gdmc=200002686
Search2nd.crawlOne 11 gdsc_cd=300026735&ecp_gdlc=100000104&ecp_gdmc=200002686
Search2nd.crawlOne 12 gdsc_cd=300026735&ecp_gdlc=100000104&ecp_gdmc=200002686
Search2nd.crawlOne 13 gdsc_cd=300026735&ecp_gdlc=100000104&ecp_gdmc=200002686
Search2nd.crawlOne 14 gdsc_cd=300026735&ecp_gdlc=100000104&ecp_gdmc=200002686
Search2nd.crawlOne 15 gdsc_cd=300026735&ecp_gdlc=100000104&ecp_gdmc=200002686
Search2nd.crawlOne 16 gdsc_cd=300026735&ecp_gdlc=100000104&ecp_gdmc=200002686
Search2nd.crawlOne 17 gdsc_cd=300026735&ecp_gdlc=100000104&ecp_gdmc=200002686
Search2nd.crawlOne 18 gdsc_cd=300026735&ecp_gdlc=100000104&ecp_gdmc=200002686
Search2nd.crawlOne 19 gdsc_cd=300026735&ecp_gdlc=100000104&ecp_gdmc=200002686
Search2nd.crawlOne 20 gdsc_cd=300026735&ecp_gdlc=100000104&ecp_gdmc=200002686
Search2nd.crawlOne 21 gdsc_cd=300026735&ecp_gdlc=100000104&ecp_gdmc=200002686
Search2nd.crawlOne 22 gdsc_cd=300026735&ecp_gdlc=100000104&ecp_gdmc=200002686
Search2nd.crawlOne 23 gdsc_cd=300026735&ecp_gdlc=100000104&ecp_gdmc=200002686
Search2nd.crawlOne 24 gdsc_cd=300026735&ecp_gdlc=100000104&ecp_gdmc=200002686
Search2nd.crawlOne 25 gdsc_cd=300026735&ecp_gdlc=100000104&ecp_gdmc=200002686
Search2nd.crawlOne 26 gdsc_cd=300026735&ecp_gdlc=100000104&ecp_gdmc=200002686
Search2nd.crawlOne 27 gdsc_cd=300026735&ecp_gdlc=100000104&ecp_gdmc=200002686
Search2nd.crawlOne 28 gdsc_cd=300026735&ecp_gdlc=100000104&ecp_gdmc=200002686
Search2nd.crawlOne 29 gdsc_cd=300026735&ecp_gdlc=100000104&ecp_gdmc=200002686
Search2nd.crawlOne 30 gdsc_cd=300026735&ecp_gdlc=100000104&ecp_gdmc=200002686
Search2nd.crawlOne 31 gdsc_cd=300026735&ecp_gdlc=100000104&ecp_gdmc=200002686
Search2nd.crawlOne 32 gdsc_cd=300026735&ecp_gdlc=100000104&ecp_gdmc=200002686
Search2nd.crawlOne 33 gdsc_cd=300026735&ecp_gdlc=100000104&ecp_gdmc=200002686
Search2nd.crawlOne 34 gdsc_cd=300026735&ecp_gdlc=100000104&ecp_gdmc=200002686
Search2nd.crawlOne 35 gdsc_cd=300026735&ecp_gdlc=100000104&ecp_gdmc=200002686
Search2nd.crawlOne 36 gdsc_cd=300026735&ecp_gdlc=100000104&ecp_gdmc=200002686
Search2nd.crawlOne 37 gdsc_cd=300026735&ecp_gdlc=100000104&ecp_gdmc=200002686
Search2nd.crawlOne 38 gdsc_cd=300026735&ecp_gdlc=100000104&ecp_gdmc=200002686
Search2nd.crawlOne 39 gdsc_cd=300026735&ecp_gdlc=100000104&ecp_gdmc=200002686
Search2nd.crawlOne 40 gdsc_cd=300026735&ecp_gdlc=100000104&ecp_gdmc=200002686
Search2nd.crawlOne 41 gdsc_cd=300026735&ecp_gdlc=100000104&ecp_gdmc=200002686
Search2nd.crawlOne 42 gdsc_cd=300026735&ecp_gdlc=100000104&ecp_gdmc=200002686
Search2nd.crawlOne 43 gdsc_cd=300026735&ecp_gdlc=100000104&ecp_gdmc=200002686
Search2nd.crawlOne 44 gdsc_cd=300026735&ecp_gdlc=100000104&ecp_gdmc=200002686
Search2nd.crawlOne 45 gdsc_cd=300026735&ecp_gdlc=100000104&ecp_gdmc=200002686
Search2nd.crawlOne 46 gdsc_cd=300026735&ecp_gdlc=100000104&ecp_gdmc=200002686
Search2nd.crawlOne 47 gdsc_cd=300026735&ecp_gdlc=100000104&ecp_gdmc=200002686
Search2nd.crawlOne 48 gdsc_cd=300026735&ecp_gdlc=100000104&ecp_gdmc=200002686
Search2nd.crawlOne 49 gdsc_cd=300026735&ecp_gdlc=100000104&ecp_gdmc=200002686
Search2nd.crawlOne 50 gdsc_cd=300026735&ecp_gdlc=100000104&ecp_gdmc=200002686
Search2nd.crawlOne 51 gdsc_cd=300026735&ecp_gdlc=100000104&ecp_gdmc=200002686
Search2nd.crawlOne 2 gdsc_cd=300026735&ecp_gdlc=100000104&ecp_gdmc=200002686
Search2nd.crawlOne 2 gdsc_cd=300026735&ecp_gdlc=100000104&ecp_gdmc=200002686
Search2nd.crawlOne 3 gdsc_cd=300026735&ecp_gdlc=100000104&ecp_gdmc=200002686
Search2nd.crawlOne 4 gdsc_cd=300026735&ecp_gdlc=100000104&ecp_gdmc=200002686
Search2nd.crawlOne 5 gdsc_cd=300026735&ecp_gdlc=100000104&ecp_gdmc=200002686
Search2nd.crawlOne 6 gdsc_cd=300026735&ecp_gdlc=100000104&ecp_gdmc=200002686
Search2nd.crawlOne 2 gdsc_cd=300026735&ecp_gdlc=100000104&ecp_gdmc=200002686
Search2nd.crawlOne 2 gdsc_cd=300026735&ecp_gdlc=100000104&ecp_gdmc=200002686
Search2nd.crawlOne 2 gdsc_cd=300026735&ecp_gdlc=100000104&ecp_gdmc=200002686
Search2nd.crawlOne 2 gdsc_cd=300026735&ecp_gdlc=100000104&ecp_gdmc=200002686
Search2nd.crawlOne 3 gdsc_cd=300026735&ecp_gdlc=100000104&ecp_gdmc=200002686
Search2nd.crawlOne 2 gdsc_cd=300026735&ecp_gdlc=100000104&ecp_gdmc=200002686
Search2nd.crawlOne 3 gdsc_cd=300026735&ecp_gdlc=100000104&ecp_gdmc=200002686
Search2nd.crawlOne 2 gdsc_cd=300026735&ecp_gdlc=100000104&ecp_gdmc=200002686
Search2nd.crawlOne 3 gdsc_cd=300026735&ecp_gdlc=100000104&ecp_gdmc=200002686
Search2nd.crawlOne 4 gdsc_cd=300026735&ecp_gdlc=100000104&ecp_gdmc=200002686
Search2nd.crawlOne 5 gdsc_cd=300026735&ecp_gdlc=100000104&ecp_gdmc=200002686
Search2nd.crawlOne 2 gdsc_cd=300026735&ecp_gdlc=100000104&ecp_gdmc=200002686
Search2nd.crawlOne 3 gdsc_cd=300026735&ecp_gdlc=100000104&ecp_gdmc=200002686
Search2nd.crawlOne 4 gdsc_cd=300026735&ecp_gdlc=100000104&ecp_gdmc=200002686
Search2nd.crawlOne 2 gdsc_cd=300026735&ecp_gdlc=100000104&ecp_gdmc=200002686
Search2nd.crawlOne 2 gdsc_cd=300026735&ecp_gdlc=100000104&ecp_gdmc=200002686
Search2nd.crawlOne 2 gdsc_cd=300026735&ecp_gdlc=100000104&ecp_gdmc=200002686
Search2nd.crawlOne 2 gdsc_cd=300026735&ecp_gdlc=100000104&ecp_gdmc=200002686
Search2nd.crawlOne 3 gdsc_cd=300026735&ecp_gdlc=100000104&ecp_gdmc=200002686
Search2nd.crawlOne 4 gdsc_cd=300026735&ecp_gdlc=100000104&ecp_gdmc=200002686
Search2nd.crawlOne 5 gdsc_cd=300026735&ecp_gdlc=100000104&ecp_gdmc=200002686
Search2nd.crawlOne 1 gdsc_cd=300026735&ecp_gdlc=100000104&ecp_gdmc=200002686
Search2nd.crawlOne 2 gdsc_cd=300026735&ecp_gdlc=100000104&ecp_gdmc=200002686
Search2nd.crawlOne 3 gdsc_cd=300026735&ecp_gdlc=100000104&ecp_gdmc=200002686
Search2nd.crawlOne 4 gdsc_cd=300026735&ecp_gdlc=100000104&ecp_gdmc=200002686
Search2nd.crawlOne 5 gdsc_cd=300026735&ecp_gdlc=100000104&ecp_gdmc=200002686
getGoodsListBySearch2ndFromMidUrl {_id=http://category.gmarket.co.kr/listview/List.aspx?gdsc_cd=300025955&pos_shop_cd=EC&pos_class_cd=900000958&pos_class_kind=T&ecp_gdlc=100000108&ecp_gdmc=200000631, link=http://category.gmarket.co.kr/listview/List.aspx?gdsc_cd=300025955&pos_shop_cd=EC&pos_class_cd=900000958&pos_class_kind=T&ecp_gdlc=100000108&ecp_gdmc=200000631, category=보덴}
Search2nd.crawlOne 1 gdsc_cd=300025955&pos_shop_cd=EC&pos_class_cd=900000958&pos_class_kind=T&ecp_gdlc=100000108&ecp_gdmc=200000631
goodsList
getGoodsListBySearch2ndFromMidUrl {_id=http://category.gmarket.co.kr/listview/List.aspx?gdsc_cd=300025954&pos_shop_cd=EC&pos_class_cd=900000958&pos_class_kind=T&ecp_gdlc=100000108&ecp_gdmc=200000631, link=http://category.gmarket.co.kr/listview/List.aspx?gdsc_cd=300025954&pos_shop_cd=EC&pos_class_cd=900000958&pos_class_kind=T&ecp_gdlc=100000108&ecp_gdmc=200000631, category=자라}
Search2nd.crawlOne 1 gdsc_cd=300025954&pos_shop_cd=EC&pos_class_cd=900000958&pos_class_kind=T&ecp_gdlc=100000108&ecp_gdmc=200000631
goodsList
getGoodsListBySearch2ndFromMidUrl {_id=http://category.gmarket.co.kr/listview/List.aspx?gdsc_cd=300025951&pos_shop_cd=EC&pos_class_cd=900000958&pos_class_kind=T&ecp_gdlc=100000108&ecp_gdmc=200000631, link=http://category.gmarket.co.kr/listview/List.aspx?gdsc_cd=300025951&pos_shop_cd=EC&pos_class_cd=900000958&pos_class_kind=T&ecp_gdlc=100000108&ecp_gdmc=200000631, category=칠드런스플레이스}
Search2nd.crawlOne 1 gdsc_cd=300025951&pos_shop_cd=EC&pos_class_cd=900000958&pos_class_kind=T&ecp_gdlc=100000108&ecp_gdmc=200000631
goodsList
getGoodsListBySearch2ndFromMidUrl {_id=http://category.gmarket.co.kr/listview/VList.aspx?vclass_cd=390001815, link=http://category.gmarket.co.kr/listview/VList.aspx?vclass_cd=390001815, category=피델리아}
REJECT.traverseAndCrawl BY INVALID PARAM PATTERN vclass_cd=390001815
goodsList
java.lang.NullPointerException
java.lang.NullPointerException
	at crawl.BasicCrawlTool.printTable(BasicCrawlTool.java:100)
	at crawl.GmarketCrawlRun.getGoodsListBySearch2ndFromMidUrl(GmarketCrawlRun.java:114)
	at crawl.GmarketCrawlRun.main(GmarketCrawlRun.java:31)
getGoodsListBySearch2ndFromMidUrl {_id=http://category.gmarket.co.kr/listview/VList.aspx?vclass_cd=390002204, link=http://category.gmarket.co.kr/listview/VList.aspx?vclass_cd=390002204, category=세컨스킨}
REJECT.traverseAndCrawl BY INVALID PARAM PATTERN vclass_cd=390002204
goodsList
java.lang.NullPointerException
java.lang.NullPointerException
	at crawl.BasicCrawlTool.printTable(BasicCrawlTool.java:100)
	at crawl.GmarketCrawlRun.getGoodsListBySearch2ndFromMidUrl(GmarketCrawlRun.java:114)
	at crawl.GmarketCrawlRun.main(GmarketCrawlRun.java:31)
getGoodsListBySearch2ndFromMidUrl {_id=http://category.gmarket.co.kr/listview/List.aspx?gdsc_cd=300024135&ecp_gdlc=100000035&ecp_gdmc=200000595, link=http://category.gmarket.co.kr/listview/List.aspx?gdsc_cd=300024135&ecp_gdlc=100000035&ecp_gdmc=200000595, category=퍼/가죽외투}
Search2nd.crawlOne 1 gdsc_cd=300024135&ecp_gdlc=100000035&ecp_gdmc=200000595
goodsList
getGoodsListBySearch2ndFromMidUrl {_id=http://category.gmarket.co.kr/listview/List.aspx?gdsc_cd=300026125&ecp_gdlc=100000035&ecp_gdmc=200002013, link=http://category.gmarket.co.kr/listview/List.aspx?gdsc_cd=300026125&ecp_gdlc=100000035&ecp_gdmc=200002013, category=FAM FAM}
Search2nd.crawlOne 1 gdsc_cd=300026125&ecp_gdlc=100000035&ecp_gdmc=200002013
goodsList
getGoodsListBySearch2ndFromMidUrl {_id=http://category.gmarket.co.kr/listview/List.aspx?gdsc_cd=300021522&ecp_gdlc=100000035&ecp_gdmc=200002013, link=http://category.gmarket.co.kr/listview/List.aspx?gdsc_cd=300021522&ecp_gdlc=100000035&ecp_gdmc=200002013, category=JCB주니어}
Search2nd.crawlOne 1 gdsc_cd=300021522&ecp_gdlc=100000035&ecp_gdmc=200002013
goodsList
getGoodsListBySearch2ndFromMidUrl {_id=http://category.gmarket.co.kr/listview/List.aspx?gdsc_cd=300025661&ecp_gdlc=100000035&ecp_gdmc=200002013, link=http://category.gmarket.co.kr/listview/List.aspx?gdsc_cd=300025661&ecp_gdlc=100000035&ecp_gdmc=200002013, category=로엠걸즈}
Search2nd.crawlOne 1 gdsc_cd=300025661&ecp_gdlc=100000035&ecp_gdmc=200002013
goodsList
getGoodsListBySearch2ndFromMidUrl {_id=http://category.gmarket.co.kr/listview/List.aspx?gdsc_cd=300026127&ecp_gdlc=100000035&ecp_gdmc=200002013, link=http://category.gmarket.co.kr/listview/List.aspx?gdsc_cd=300026127&ecp_gdlc=100000035&ecp_gdmc=200002013, category=빠에즈/paez}
Search2nd.crawlOne 1 gdsc_cd=300026127&ecp_gdlc=100000035&ecp_gdmc=200002013
goodsList
getGoodsListBySearch2ndFromMidUrl {_id=http://category.gmarket.co.kr/listview/List.aspx?gdsc_cd=300023434&ecp_gdlc=100000035&ecp_gdmc=200002013, link=http://category.gmarket.co.kr/listview/List.aspx?gdsc_cd=300023434&ecp_gdlc=100000035&ecp_gdmc=200002013, category=신디키즈}
Search2nd.crawlOne 1 gdsc_cd=300023434&ecp_gdlc=100000035&ecp_gdmc=200002013
goodsList
getGoodsListBySearch2ndFromMidUrl {_id=http://category.gmarket.co.kr/listview/List.aspx?gdsc_cd=300021528&ecp_gdlc=100000035&ecp_gdmc=200002013, link=http://category.gmarket.co.kr/listview/List.aspx?gdsc_cd=300021528&ecp_gdlc=100000035&ecp_gdmc=200002013, category=오후}
Search2nd.crawlOne 1 gdsc_cd=300021528&ecp_gdlc=100000035&ecp_gdmc=200002013
goodsList
getGoodsListBySearch2ndFromMidUrl {_id=http://category.gmarket.co.kr/listview/List.aspx?gdsc_cd=300021531&ecp_gdlc=100000035&ecp_gdmc=200002013, link=http://category.gmarket.co.kr/listview/List.aspx?gdsc_cd=300021531&ecp_gdlc=100000035&ecp_gdmc=200002013, category=유솔}
Search2nd.crawlOne 1 gdsc_cd=300021531&ecp_gdlc=100000035&ecp_gdmc=200002013
goodsList
getGoodsListBySearch2ndFromMidUrl {_id=http://category.gmarket.co.kr/listview/List.aspx?gdsc_cd=300021532&ecp_gdlc=100000035&ecp_gdmc=200002013, link=http://category.gmarket.co.kr/listview/List.aspx?gdsc_cd=300021532&ecp_gdlc=100000035&ecp_gdmc=200002013, category=이랜드 주니어}
Search2nd.crawlOne 1 gdsc_cd=300021532&ecp_gdlc=100000035&ecp_gdmc=200002013
goodsList
getGoodsListBySearch2ndFromMidUrl {_id=http://category.gmarket.co.kr/listview/List.aspx?gdsc_cd=300023435&ecp_gdlc=100000035&ecp_gdmc=200002013, link=http://category.gmarket.co.kr/listview/List.aspx?gdsc_cd=300023435&ecp_gdlc=100000035&ecp_gdmc=200002013, category=인디고뱅크키즈}
Search2nd.crawlOne 1 gdsc_cd=300023435&ecp_gdlc=100000035&ecp_gdmc=200002013
goodsList
getGoodsListBySearch2ndFromMidUrl {_id=http://category.gmarket.co.kr/listview/List.aspx?gdsc_cd=300021829&ecp_gdlc=100000035&ecp_gdmc=200002013, link=http://category.gmarket.co.kr/listview/List.aspx?gdsc_cd=300021829&ecp_gdlc=100000035&ecp_gdmc=200002013, category=장피엘}
Search2nd.crawlOne 1 gdsc_cd=300021829&ecp_gdlc=100000035&ecp_gdmc=200002013
getGoodsListBySearch2ndFromMidUrl {_id=http://category.gmarket.co.kr/listview/VList.aspx?vclass_cd=390001815, link=http://category.gmarket.co.kr/listview/VList.aspx?vclass_cd=390001815, category=피델리아}
REJECT.traverseAndCrawl BY INVALID PARAM PATTERN vclass_cd=390001815
getGoodsListBySearch2ndFromMidUrl {_id=http://category.gmarket.co.kr/listview/VList.aspx?vclass_cd=390002204, link=http://category.gmarket.co.kr/listview/VList.aspx?vclass_cd=390002204, category=세컨스킨}
REJECT.traverseAndCrawl BY INVALID PARAM PATTERN vclass_cd=390002204
getGoodsListBySearch2ndFromMidUrl {_id=http://category.gmarket.co.kr/listview/List.aspx?gdsc_cd=300021829&ecp_gdlc=100000035&ecp_gdmc=200002013, link=http://category.gmarket.co.kr/listview/List.aspx?gdsc_cd=300021829&ecp_gdlc=100000035&ecp_gdmc=200002013, category=장피엘}
Search2nd.crawlOne 1 gdsc_cd=300021829&ecp_gdlc=100000035&ecp_gdmc=200002013
goodsList
getGoodsListBySearch2ndFromMidUrl {_id=http://category.gmarket.co.kr/listview/List.aspx?gdsc_cd=300021513&ecp_gdlc=100000035&ecp_gdmc=200002013, link=http://category.gmarket.co.kr/listview/List.aspx?gdsc_cd=300021513&ecp_gdlc=100000035&ecp_gdmc=200002013, category=지미뜨}
Search2nd.crawlOne 1 gdsc_cd=300021513&ecp_gdlc=100000035&ecp_gdmc=200002013
goodsList
getGoodsListBySearch2ndFromMidUrl {_id=http://category.gmarket.co.kr/listview/List.aspx?gdsc_cd=300021529&ecp_gdlc=100000035&ecp_gdmc=200002013, link=http://category.gmarket.co.kr/listview/List.aspx?gdsc_cd=300021529&ecp_gdlc=100000035&ecp_gdmc=200002013, category=코코리따}
Search2nd.crawlOne 1 gdsc_cd=300021529&ecp_gdlc=100000035&ecp_gdmc=200002013
goodsList
getGoodsListBySearch2ndFromMidUrl {_id=http://category.gmarket.co.kr/listview/List.aspx?gdsc_cd=300021530&ecp_gdlc=100000035&ecp_gdmc=200002013, link=http://category.gmarket.co.kr/listview/List.aspx?gdsc_cd=300021530&ecp_gdlc=100000035&ecp_gdmc=200002013, category=헌트키즈}
Search2nd.crawlOne 1 gdsc_cd=300021530&ecp_gdlc=100000035&ecp_gdmc=200002013
goodsList
getGoodsListBySearch2ndFromMidUrl {_id=http://category.gmarket.co.kr/listview/VList.aspx?vclass_cd=390000509, link=http://category.gmarket.co.kr/listview/VList.aspx?vclass_cd=390000509, category=캡틴파파}
REJECT.traverseAndCrawl BY INVALID PARAM PATTERN vclass_cd=390000509
getGoodsListBySearch2ndFromMidUrl {_id=http://category.gmarket.co.kr/listview/VList.aspx?vclass_cd=390000067, link=http://category.gmarket.co.kr/listview/VList.aspx?vclass_cd=390000067, category=컬리수}
REJECT.traverseAndCrawl BY INVALID PARAM PATTERN vclass_cd=390000067
getGoodsListBySearch2ndFromMidUrl {_id=http://category.gmarket.co.kr/listview/VList.aspx?vclass_cd=390000070, link=http://category.gmarket.co.kr/listview/VList.aspx?vclass_cd=390000070, category=오모로이}
REJECT.traverseAndCrawl BY INVALID PARAM PATTERN vclass_cd=390000070
getGoodsListBySearch2ndFromMidUrl {_id=http://category.gmarket.co.kr/listview/List.aspx?gdsc_cd=300025955&ecp_gdlc=100000035&ecp_gdmc=200000631, link=http://category.gmarket.co.kr/listview/List.aspx?gdsc_cd=300025955&ecp_gdlc=100000035&ecp_gdmc=200000631, category=보덴}
Search2nd.crawlOne 1 gdsc_cd=300025955&ecp_gdlc=100000035&ecp_gdmc=200000631
goodsList
getGoodsListBySearch2ndFromMidUrl {_id=http://category.gmarket.co.kr/listview/List.aspx?gdsc_cd=300025954&ecp_gdlc=100000035&ecp_gdmc=200000631, link=http://category.gmarket.co.kr/listview/List.aspx?gdsc_cd=300025954&ecp_gdlc=100000035&ecp_gdmc=200000631, category=자라}
Search2nd.crawlOne 1 gdsc_cd=300025954&ecp_gdlc=100000035&ecp_gdmc=200000631
